[debug] [2025-05-13T03:21:10.980Z] ----------------------------------------------------------------------
[debug] [2025-05-13T03:21:10.982Z] Command:       /Users/rtv-lpt-206/.nvm/versions/node/v20.11.0/bin/node /opt/homebrew/bin/firebase init
[debug] [2025-05-13T03:21:10.982Z] CLI Version:   13.15.4
[debug] [2025-05-13T03:21:10.982Z] Platform:      darwin
[debug] [2025-05-13T03:21:10.982Z] Node Version:  v20.11.0
[debug] [2025-05-13T03:21:10.982Z] Time:          Tue May 13 2025 06:21:10 GMT+0300 (East Africa Time)
[debug] [2025-05-13T03:21:10.982Z] ----------------------------------------------------------------------
[debug] 
[debug] [2025-05-13T03:21:10.985Z] > command requires scopes: ["email","openid","https://www.googleapis.com/auth/cloudplatformprojects.readonly","https://www.googleapis.com/auth/firebase","https://www.googleapis.com/auth/cloud-platform"]
[debug] [2025-05-13T03:21:10.985Z] > authorizing via signed-in user (crismakwasi12@gmail.com)
[info] 
     ######## #### ########  ######## ########     ###     ######  ########
     ##        ##  ##     ## ##       ##     ##  ##   ##  ##       ##
     ######    ##  ########  ######   ########  #########  ######  ######
     ##        ##  ##    ##  ##       ##     ## ##     ##       ## ##
     ##       #### ##     ## ######## ########  ##     ##  ######  ########

You're about to initialize a Firebase project in this directory:

  /Users/rtv-lpt-206/Desktop/Resource/final-forest-king

[info] 
=== Project Setup
[info] 
[info] First, let's associate this project directory with a Firebase project.
[info] You can create multiple project aliases by running firebase use --add, 
[info] but for now we'll just set up a default project.
[info] 
[debug] [2025-05-13T03:22:17.023Z] > refreshing access token with scopes: []
[debug] [2025-05-13T03:22:17.026Z] >>> [apiv2][query] POST https://www.googleapis.com/oauth2/v3/token [none]
[debug] [2025-05-13T03:22:17.026Z] >>> [apiv2][body] POST https://www.googleapis.com/oauth2/v3/token [omitted]
[debug] [2025-05-13T03:22:17.837Z] <<< [apiv2][status] POST https://www.googleapis.com/oauth2/v3/token 200
[debug] [2025-05-13T03:22:17.837Z] <<< [apiv2][body] POST https://www.googleapis.com/oauth2/v3/token [omitted]
[debug] [2025-05-13T03:22:17.846Z] >>> [apiv2][query] GET https://firebase.googleapis.com/v1beta1/projects pageSize=100
[debug] [2025-05-13T03:22:18.855Z] <<< [apiv2][status] GET https://firebase.googleapis.com/v1beta1/projects 200
[debug] [2025-05-13T03:22:18.855Z] <<< [apiv2][body] GET https://firebase.googleapis.com/v1beta1/projects [omitted]
[info] i  Using project eshop-97e0a (eshop) 
[info] 
=== Database Setup
[info] i  database: ensuring required API firebasedatabase.googleapis.com is enabled... 
[debug] [2025-05-13T03:22:30.998Z] >>> [apiv2][query] GET https://serviceusage.googleapis.com/v1/projects/eshop-97e0a/services/firebasedatabase.googleapis.com [none]
[debug] [2025-05-13T03:22:30.998Z] >>> [apiv2][(partial)header] GET https://serviceusage.googleapis.com/v1/projects/eshop-97e0a/services/firebasedatabase.googleapis.com x-goog-quota-user=projects/eshop-97e0a
[debug] [2025-05-13T03:22:33.231Z] <<< [apiv2][status] GET https://serviceusage.googleapis.com/v1/projects/eshop-97e0a/services/firebasedatabase.googleapis.com 200
[debug] [2025-05-13T03:22:33.231Z] <<< [apiv2][body] GET https://serviceusage.googleapis.com/v1/projects/eshop-97e0a/services/firebasedatabase.googleapis.com [omitted]
[warn] ⚠  database: missing required API firebasedatabase.googleapis.com. Enabling now... 
[debug] [2025-05-13T03:22:33.231Z] >>> [apiv2][query] POST https://serviceusage.googleapis.com/v1/projects/eshop-97e0a/services/firebasedatabase.googleapis.com:enable [none]
[debug] [2025-05-13T03:22:33.231Z] >>> [apiv2][(partial)header] POST https://serviceusage.googleapis.com/v1/projects/eshop-97e0a/services/firebasedatabase.googleapis.com:enable x-goog-quota-user=projects/eshop-97e0a
[debug] [2025-05-13T03:22:35.040Z] <<< [apiv2][status] POST https://serviceusage.googleapis.com/v1/projects/eshop-97e0a/services/firebasedatabase.googleapis.com:enable 200
[debug] [2025-05-13T03:22:35.040Z] <<< [apiv2][body] POST https://serviceusage.googleapis.com/v1/projects/eshop-97e0a/services/firebasedatabase.googleapis.com:enable [omitted]
[debug] [2025-05-13T03:22:45.042Z] >>> [apiv2][query] GET https://serviceusage.googleapis.com/v1/projects/eshop-97e0a/services/firebasedatabase.googleapis.com [none]
[debug] [2025-05-13T03:22:45.043Z] >>> [apiv2][(partial)header] GET https://serviceusage.googleapis.com/v1/projects/eshop-97e0a/services/firebasedatabase.googleapis.com x-goog-quota-user=projects/eshop-97e0a
[debug] [2025-05-13T03:22:46.986Z] <<< [apiv2][status] GET https://serviceusage.googleapis.com/v1/projects/eshop-97e0a/services/firebasedatabase.googleapis.com 200
[debug] [2025-05-13T03:22:46.986Z] <<< [apiv2][body] GET https://serviceusage.googleapis.com/v1/projects/eshop-97e0a/services/firebasedatabase.googleapis.com [omitted]
[info] ✔  database: required API firebasedatabase.googleapis.com is enabled 
[info] 
[debug] [2025-05-13T03:22:46.991Z] >>> [apiv2][query] GET https://firebase.googleapis.com/v1beta1/projects/eshop-97e0a [none]
[debug] [2025-05-13T03:22:47.771Z] <<< [apiv2][status] GET https://firebase.googleapis.com/v1beta1/projects/eshop-97e0a 200
[debug] [2025-05-13T03:22:47.772Z] <<< [apiv2][body] GET https://firebase.googleapis.com/v1beta1/projects/eshop-97e0a {"projectId":"eshop-97e0a","projectNumber":"836742001746","displayName":"eshop","name":"projects/eshop-97e0a","resources":{"hostingSite":"eshop-97e0a","locationId":"us-central"},"state":"ACTIVE","etag":"1_f2a7304d-5f4d-4347-9a44-b38b23674ba8"}
[debug] [2025-05-13T03:22:55.289Z] >>> [apiv2][query] POST https://firebasedatabase.googleapis.com/v1beta/projects/eshop-97e0a/locations/us-central1/instances databaseId=eshop-97e0a-default-rtdb&validateOnly=true
[debug] [2025-05-13T03:22:55.289Z] >>> [apiv2][body] POST https://firebasedatabase.googleapis.com/v1beta/projects/eshop-97e0a/locations/us-central1/instances {"type":"default_database"}
[debug] [2025-05-13T03:22:57.506Z] <<< [apiv2][status] POST https://firebasedatabase.googleapis.com/v1beta/projects/eshop-97e0a/locations/us-central1/instances 200
[debug] [2025-05-13T03:22:57.506Z] <<< [apiv2][body] POST https://firebasedatabase.googleapis.com/v1beta/projects/eshop-97e0a/locations/us-central1/instances {"name":"projects/836742001746/locations/us-central1/instances/eshop-97e0a-default-rtdb","project":"projects/836742001746","databaseUrl":"https://eshop-97e0a-default-rtdb.firebaseio.com","type":"DEFAULT_DATABASE","state":"ACTIVE"}
[debug] [2025-05-13T03:22:57.508Z] >>> [apiv2][query] POST https://firebasedatabase.googleapis.com/v1beta/projects/eshop-97e0a/locations/us-central1/instances databaseId=eshop-97e0a-default-rtdb
[debug] [2025-05-13T03:22:57.508Z] >>> [apiv2][body] POST https://firebasedatabase.googleapis.com/v1beta/projects/eshop-97e0a/locations/us-central1/instances {"type":"default_database"}
[debug] [2025-05-13T03:22:58.296Z] <<< [apiv2][status] POST https://firebasedatabase.googleapis.com/v1beta/projects/eshop-97e0a/locations/us-central1/instances 200
[debug] [2025-05-13T03:22:58.296Z] <<< [apiv2][body] POST https://firebasedatabase.googleapis.com/v1beta/projects/eshop-97e0a/locations/us-central1/instances {"name":"projects/836742001746/locations/us-central1/instances/eshop-97e0a-default-rtdb","project":"projects/836742001746","databaseUrl":"https://eshop-97e0a-default-rtdb.firebaseio.com","type":"DEFAULT_DATABASE","state":"ACTIVE"}
[info] 
[info] Firebase Realtime Database Security Rules allow you to define how your data should be
[info] structured and when your data can be read from and written to.
[info] 
[debug] [2025-05-13T03:23:07.845Z] >>> [apiv2][query] GET https://eshop-97e0a-default-rtdb.firebaseio.com/.settings/rules.json [none]
[debug] [2025-05-13T03:23:09.044Z] <<< [apiv2][status] GET https://eshop-97e0a-default-rtdb.firebaseio.com/.settings/rules.json 200
[debug] [2025-05-13T03:23:09.044Z] <<< [apiv2][body] GET https://eshop-97e0a-default-rtdb.firebaseio.com/.settings/rules.json [stream]
[info] ✔  Database Rules for eshop-97e0a-default-rtdb have been written to database.rules.json. 
[info] Future modifications to database.rules.json will update Realtime Database Security Rules when you run
[info] firebase deploy.
[info] 
=== Firestore Setup
[debug] [2025-05-13T03:23:09.048Z] >>> [apiv2][query] GET https://serviceusage.googleapis.com/v1/projects/eshop-97e0a/services/firestore.googleapis.com [none]
[debug] [2025-05-13T03:23:09.048Z] >>> [apiv2][(partial)header] GET https://serviceusage.googleapis.com/v1/projects/eshop-97e0a/services/firestore.googleapis.com x-goog-quota-user=projects/eshop-97e0a
[debug] [2025-05-13T03:23:10.993Z] <<< [apiv2][status] GET https://serviceusage.googleapis.com/v1/projects/eshop-97e0a/services/firestore.googleapis.com 200
[debug] [2025-05-13T03:23:10.993Z] <<< [apiv2][body] GET https://serviceusage.googleapis.com/v1/projects/eshop-97e0a/services/firestore.googleapis.com [omitted]
[debug] [2025-05-13T03:23:10.994Z] >>> [apiv2][query] GET https://firestore.googleapis.com/v1/projects/eshop-97e0a/databases/(default) [none]
[debug] [2025-05-13T03:23:13.036Z] <<< [apiv2][status] GET https://firestore.googleapis.com/v1/projects/eshop-97e0a/databases/(default) 200
[debug] [2025-05-13T03:23:13.039Z] <<< [apiv2][body] GET https://firestore.googleapis.com/v1/projects/eshop-97e0a/databases/(default) {"name":"projects/eshop-97e0a/databases/(default)","uid":"62d46374-16b2-4212-a42a-a4271429d5d9","createTime":"2022-10-16T11:39:51.691437Z","updateTime":"2022-10-16T11:39:51.691437Z","locationId":"nam5","type":"FIRESTORE_NATIVE","concurrencyMode":"PESSIMISTIC","versionRetentionPeriod":"3600s","earliestVersionTime":"2025-05-13T02:23:13.046159Z","appEngineIntegrationMode":"ENABLED","keyPrefix":"s","pointInTimeRecoveryEnablement":"POINT_IN_TIME_RECOVERY_DISABLED","deleteProtectionState":"DELETE_PROTECTION_DISABLED","databaseEdition":"STANDARD","freeTier":true,"etag":"ILP3856/n40DMLny3YDgqIwD"}
[debug] [2025-05-13T03:23:13.039Z] database_type: FIRESTORE_NATIVE
[debug] [2025-05-13T03:23:13.045Z] > command requires scopes: ["email","openid","https://www.googleapis.com/auth/cloudplatformprojects.readonly","https://www.googleapis.com/auth/firebase","https://www.googleapis.com/auth/cloud-platform"]
[debug] [2025-05-13T03:23:13.046Z] > authorizing via signed-in user (crismakwasi12@gmail.com)
[debug] [2025-05-13T03:23:13.047Z] [iam] checking project eshop-97e0a for permissions ["firebase.projects.get"]
[debug] [2025-05-13T03:23:13.048Z] >>> [apiv2][query] POST https://cloudresourcemanager.googleapis.com/v1/projects/eshop-97e0a:testIamPermissions [none]
[debug] [2025-05-13T03:23:13.048Z] >>> [apiv2][(partial)header] POST https://cloudresourcemanager.googleapis.com/v1/projects/eshop-97e0a:testIamPermissions x-goog-quota-user=projects/eshop-97e0a
[debug] [2025-05-13T03:23:13.048Z] >>> [apiv2][body] POST https://cloudresourcemanager.googleapis.com/v1/projects/eshop-97e0a:testIamPermissions {"permissions":["firebase.projects.get"]}
[debug] [2025-05-13T03:23:15.049Z] <<< [apiv2][status] POST https://cloudresourcemanager.googleapis.com/v1/projects/eshop-97e0a:testIamPermissions 200
[debug] [2025-05-13T03:23:15.049Z] <<< [apiv2][body] POST https://cloudresourcemanager.googleapis.com/v1/projects/eshop-97e0a:testIamPermissions {"permissions":["firebase.projects.get"]}
[info] 
[info] Firestore Security Rules allow you to define how and when to allow
[info] requests. You can keep these rules in your project directory
[info] and publish them with firebase deploy.
[info] 
[debug] [2025-05-13T03:23:16.864Z] >>> [apiv2][query] GET https://firebaserules.googleapis.com/v1/projects/eshop-97e0a/releases pageSize=10&pageToken=
[debug] [2025-05-13T03:23:18.380Z] <<< [apiv2][status] GET https://firebaserules.googleapis.com/v1/projects/eshop-97e0a/releases 200
[debug] [2025-05-13T03:23:18.380Z] <<< [apiv2][body] GET https://firebaserules.googleapis.com/v1/projects/eshop-97e0a/releases {"releases":[{"name":"projects/eshop-97e0a/releases/cloud.firestore","rulesetName":"projects/eshop-97e0a/rulesets/077fd695-817d-4653-9ee6-b736ff047bfd","createTime":"2022-10-16T11:40:12.448425Z","updateTime":"2022-12-27T16:09:32.666843Z"}]}
[debug] [2025-05-13T03:23:18.380Z] Found ruleset: projects/eshop-97e0a/rulesets/077fd695-817d-4653-9ee6-b736ff047bfd
[debug] [2025-05-13T03:23:18.381Z] >>> [apiv2][query] GET https://firebaserules.googleapis.com/v1/projects/eshop-97e0a/rulesets/077fd695-817d-4653-9ee6-b736ff047bfd [none]
[debug] [2025-05-13T03:23:19.251Z] <<< [apiv2][status] GET https://firebaserules.googleapis.com/v1/projects/eshop-97e0a/rulesets/077fd695-817d-4653-9ee6-b736ff047bfd 200
[debug] [2025-05-13T03:23:19.251Z] <<< [apiv2][body] GET https://firebaserules.googleapis.com/v1/projects/eshop-97e0a/rulesets/077fd695-817d-4653-9ee6-b736ff047bfd [omitted]
[info] 
[info] Firestore indexes allow you to perform complex queries while
[info] maintaining performance that scales with the size of the result
[info] set. You can keep index definitions in your project directory
[info] and publish them with firebase deploy.
[info] 
[debug] [2025-05-13T03:23:21.127Z] >>> [apiv2][query] GET https://firestore.googleapis.com/v1/projects/eshop-97e0a/databases/(default)/collectionGroups/-/indexes [none]
[debug] [2025-05-13T03:23:21.129Z] >>> [apiv2][query] GET https://firestore.googleapis.com/v1/projects/eshop-97e0a/databases/(default)/collectionGroups/-/fields?filter=indexConfig.usesAncestorConfig=false OR ttlConfig:* [none]
[debug] [2025-05-13T03:23:23.004Z] <<< [apiv2][status] GET https://firestore.googleapis.com/v1/projects/eshop-97e0a/databases/(default)/collectionGroups/-/fields?filter=indexConfig.usesAncestorConfig=false OR ttlConfig:* 200
[debug] [2025-05-13T03:23:23.004Z] <<< [apiv2][body] GET https://firestore.googleapis.com/v1/projects/eshop-97e0a/databases/(default)/collectionGroups/-/fields?filter=indexConfig.usesAncestorConfig=false OR ttlConfig:* {"fields":[{"name":"projects/eshop-97e0a/databases/(default)/collectionGroups/__default__/fields/*","indexConfig":{"indexes":[{"queryScope":"COLLECTION","fields":[{"fieldPath":"*","order":"ASCENDING"}],"state":"READY"},{"queryScope":"COLLECTION","fields":[{"fieldPath":"*","order":"DESCENDING"}],"state":"READY"},{"queryScope":"COLLECTION","fields":[{"fieldPath":"*","arrayConfig":"CONTAINS"}],"state":"READY"}]}}]}
[debug] [2025-05-13T03:23:23.016Z] <<< [apiv2][status] GET https://firestore.googleapis.com/v1/projects/eshop-97e0a/databases/(default)/collectionGroups/-/indexes 200
[debug] [2025-05-13T03:23:23.016Z] <<< [apiv2][body] GET https://firestore.googleapis.com/v1/projects/eshop-97e0a/databases/(default)/collectionGroups/-/indexes {}
[info] 
=== Hosting Setup
[debug] [2025-05-13T03:23:23.019Z] >>> [apiv2][query] GET https://firebase.googleapis.com/v1beta1/projects/eshop-97e0a [none]
[debug] [2025-05-13T03:23:23.809Z] <<< [apiv2][status] GET https://firebase.googleapis.com/v1beta1/projects/eshop-97e0a 200
[debug] [2025-05-13T03:23:23.809Z] <<< [apiv2][body] GET https://firebase.googleapis.com/v1beta1/projects/eshop-97e0a {"projectId":"eshop-97e0a","projectNumber":"836742001746","displayName":"eshop","name":"projects/eshop-97e0a","resources":{"hostingSite":"eshop-97e0a","realtimeDatabaseInstance":"eshop-97e0a-default-rtdb","locationId":"us-central"},"state":"ACTIVE","etag":"1_f2a7304d-5f4d-4347-9a44-b38b23674ba8"}
[info] 
[info] Your public directory is the folder (relative to your project directory) that
[info] will contain Hosting assets to be uploaded with firebase deploy. If you
[info] have a build process for your assets, use your build's output directory.
[info] 
